A D/commons-beanutils-1.7.0////
A D/commons-collections-3.1////
A D/commons-dbcp-1.2.1////
A D/commons-digester-1.5////
A D/commons-fileupload-1.0////
A D/commons-fileupload-1.1.1////
A D/commons-io-1.2////
A D/commons-logging-1.0.4////
A D/commons-math-1.0////
A D/commons-pool-1.2////
A D/commons-vfs-1.0////
A D/derby////
A D/dom4j-1.4////
A D/fop-0.20.5////
A D/groovy////
A D/httpunit-1.5.2////
A D/jai-1_1_2////
A D/jakarta-log4j-1.2.8////
A D/jakarta-regexp-1.2////
A D/jakarta-taglibs-standard-1.0.6////
A D/jakarta-tomcat-4.1.31////
A D/jdepend-2.9.1////
A D/jfreechart-0.9.21////
A D/jfreechart-1.0.0////
A D/jfreechart-1.0.0-rc1////
A D/jsf-1_1////
A D/junit-3.8.1////
A D/jwsdp-1.1////
A D/mondrian////
A D/mondrian-2.0////
A D/mondrian-2.1////
A D/mondrian-3.0.0////
A D/mondrian-3.1.5.13307////
A D/mondrian-HEAD////
A D/pdfbox-0.7.2////
A D/resgen////
A D/xalan-j_2_7_0////
R D/resgen////
R D/mondrian-2.0////
R D/mondrian////
R D/jfreechart-1.0.0-rc1////
R D/jfreechart-0.9.21////
